<?xml version="1.0" encoding="UTF-8"?>
<!-- Generated by org.testng.reporters.JUnitReportReporter -->
<testsuite skipped="0" hostname="DESKTOP-89OTHQ5" name="com.jbk.A_Test" tests="1" failures="0" timestamp="22 Oct 2020 02:58:57 GMT" time="39.576" errors="0">
  <testcase name="test01" time="39.576" classname="com.jbk.A_Test"/>
</testsuite> <!-- com.jbk.A_Test -->
